autoscan: warning: missing AC_CHECK_FUNCS([floor]) wanted by: 
	lib/os.h:177
	lib/psy.c:183
	lib/psy.c:185
	lib/floor0.c:134
	lib/sharedbook.c:55
	lib/sharedbook.c:164
	steganos/lib/channel.c:801
	steganos/lib/channel.c:804
	steganos/lib/channel.c:911
	examples/decoder_example.c:251
autoscan: warning: missing AC_CHECK_FUNCS([gettimeofday]) wanted by: 
	vq/bookutil.c:405
autoscan: warning: missing AC_CHECK_FUNCS([memmove]) wanted by: 
	lib/envelope.c:361
	lib/envelope.c:365
	lib/psytune.c:509
	lib/block.c:648
autoscan: warning: missing AC_CHECK_FUNCS([memset]) wanted by: 
	test/util.c:33
	lib/mdct.c:343
	lib/res0.c:68
	lib/res0.c:146
	lib/res0.c:419
	lib/res0.c:485
	lib/res0.c:548
	lib/res0.c:549
	lib/floor1.c:50
	lib/floor1.c:63
	lib/floor1.c:417
	lib/floor1.c:1014
	lib/floor1.c:1166
	lib/psy.c:60
	lib/psy.c:67
	lib/psy.c:74
	lib/psy.c:106
	lib/psy.c:281
	lib/psy.c:392
	lib/mapping0.c:43
	lib/mapping0.c:106
	lib/mapping0.c:396
	lib/mapping0.c:632
	lib/mapping0.c:828
	lib/codebook.c:151
	lib/codebook.c:586
	lib/lpc.c:86
	lib/envelope.c:84
	lib/envelope.c:284
	lib/info.c:62
	lib/info.c:143
	lib/info.c:156
	lib/info.c:204
	lib/info.c:363
	lib/info.c:390
	lib/info.c:632
	lib/info.c:633
	lib/info.c:634
	lib/bitrate.c:33
	lib/bitrate.c:60
	lib/floor0.c:53
	lib/floor0.c:69
	lib/floor0.c:212
	lib/psytune.c:298
	lib/psytune.c:307
	lib/psytune.c:383
	lib/smallft.c:1253
	lib/vorbisfile.c:160
	lib/vorbisfile.c:878
	lib/vorbisfile.c:971
	lib/vorbisfile.c:2128
	lib/block.c:90
	lib/block.c:143
	lib/block.c:173
	lib/block.c:190
	lib/block.c:374
	lib/block.c:489
	lib/sharedbook.c:77
	lib/sharedbook.c:270
	lib/sharedbook.c:276
	lib/sharedbook.c:280
	lib/sharedbook.c:301
	lib/sharedbook.c:306
	lib/sharedbook.c:334
	steganos/lib/protocols.c:317
	steganos/lib/protocols.c:318
	steganos/lib/protocols.c:319
	steganos/lib/channel.c:414
	steganos/lib/channel.c:466
	steganos/lib/channel.c:506
	steganos/lib/channel.c:625
	steganos/lib/channel.c:686
	steganos/lib/channel.c:900
	vq/latticepare.c:132
	vq/vqsplit.c:103
	vq/vqsplit.c:104
	vq/vqsplit.c:376
	vq/vqsplit.c:377
	vq/latticebuild.c:67
	vq/latticebuild.c:68
	vq/latticebuild.c:168
	vq/vqgen.c:243
	vq/vqgen.c:378
	vq/vqgen.c:379
	vq/vqgen.c:472
autoscan: warning: missing AC_CHECK_FUNCS([pow]) wanted by: 
	lib/sharedbook.c:164
	vq/huffbuild.c:129
	vq/latticebuild.c:104
autoscan: warning: missing AC_CHECK_FUNCS([rint]) wanted by: 
	lib/mdct.c:58
	lib/lsp.c:147
	lib/lsp.c:148
	lib/res0.c:429
	lib/floor1.c:509
	lib/floor1.c:510
	lib/psy.c:284
	lib/psy.c:306
	lib/psy.c:1096
	lib/psy.c:1109
	lib/psy.c:1127
	lib/psy.c:1205
	lib/psy.c:1223
	lib/bitrate.c:42
	lib/bitrate.c:43
	lib/bitrate.c:44
	lib/bitrate.c:83
	lib/bitrate.c:132
	lib/bitrate.c:135
	lib/vorbisfile.c:1105
	lib/vorbisfile.c:1109
	lib/tone.c:41
	lib/sharedbook.c:56
	vq/residuedata.c:55
	vq/residuedata.c:134
	vq/build.c:154
	vq/residuesplit.c:39
	vq/latticebuild.c:146
	vq/latticebuild.c:162
	vq/vqgen.c:203
	vq/vqgen.c:291
	vq/train.c:334
	vq/distribution.c:144
	vq/distribution.c:219
	vq/distribution.c:235
	vq/lspdata.c:53
autoscan: warning: missing AC_CHECK_FUNCS([sqrt]) wanted by: 
	lib/lsp.c:276
	lib/lsp.c:336
	lib/lsp.c:339
	lib/psy.c:991
	lib/psy.c:992
	lib/psy.c:993
	lib/psy.c:995
	lib/psy.c:996
	lib/psy.c:997
	lib/psy.c:1001
	lib/psy.c:1002
	lib/psy.c:1003
	lib/psy.c:1005
	lib/psy.c:1006
	lib/psy.c:1007
	vq/latticepare.c:133
	vq/residuedata.c:97
	vq/metrics.c:113
	vq/metrics.c:119
	vq/metrics.c:120
	vq/metrics.c:122
	vq/metrics.c:141
	vq/metrics.c:146
	vq/metrics.c:169
	vq/vqsplit.c:76
	vq/vqgen.c:68
	vq/genericdata.c:46
	vq/lspdata.c:116
autoscan: warning: missing AC_CHECK_FUNCS([strchr]) wanted by: 
	lib/tone.c:23
	vq/latticehint.c:176
	vq/huffbuild.c:79
	vq/huffbuild.c:80
	vq/huffbuild.c:92
	vq/latticetune.c:119
	vq/residuesplit.c:173
	vq/residuesplit.c:179
	vq/residuesplit.c:198
	vq/residuesplit.c:212
	vq/latticebuild.c:125
	vq/latticebuild.c:126
	vq/distribution.c:173
	vq/distribution.c:179
	vq/distribution.c:213
autoscan: warning: missing AC_CHECK_FUNCS([strdup]) wanted by: 
	macos/compat/strdup.c:6
	vq/latticehint.c:136
	vq/latticehint.c:144
	vq/latticehint.c:146
	vq/latticehint.c:172
	vq/huffbuild.c:73
	vq/huffbuild.c:74
	vq/run.c:87
	vq/run.c:111
	vq/run.c:113
	vq/latticepare.c:185
	vq/latticepare.c:200
	vq/latticepare.c:202
	vq/build.c:96
	vq/build.c:107
	vq/build.c:110
	vq/latticetune.c:62
	vq/latticetune.c:70
	vq/latticetune.c:72
	vq/residuesplit.c:170
	vq/latticebuild.c:89
	vq/latticebuild.c:91
	vq/train.c:233
autoscan: warning: missing AC_CHECK_FUNCS([strerror]) wanted by: 
	test/write_read.c:46
	test/write_read.c:151
autoscan: warning: missing AC_CHECK_FUNCS([strrchr]) wanted by: 
	vq/latticehint.c:141
	vq/huffbuild.c:75
	vq/huffbuild.c:76
	vq/run.c:88
	vq/run.c:109
	vq/run.c:114
	vq/latticepare.c:186
	vq/latticepare.c:198
	vq/latticepare.c:203
	vq/build.c:104
	vq/latticetune.c:67
	vq/latticebuild.c:86
	vq/train.c:105
	vq/distribution.c:57
	vq/distribution.c:57
autoscan: warning: missing AC_CHECK_FUNCS([strstr]) wanted by: 
	vq/bookutil.c:165
autoscan: warning: missing AC_CHECK_HEADERS([fcntl.h]) wanted by: 
	steganos/lib/protocols.c:34
	examples/vorbisfile_example.c:30
	examples/decoder_example.c:31
	examples/seeking_example.c:25
	examples/encoder_example.c:32
	examples/chaining_example.c:24
	vq/run.c:26
autoscan: warning: missing AC_CHECK_HEADERS([limits.h]) wanted by: 
	steganos/lib/protocols.c:28
	steganos/lib/channel.c:20
autoscan: warning: missing AC_CHECK_HEADERS([malloc.h]) wanted by: 
	lib/os.h:49
autoscan: warning: missing AC_CHECK_HEADERS([sys/time.h]) wanted by: 
	vq/vqsplit.c:31
	vq/bookutil.h:22
autoscan: warning: missing AC_FUNC_MALLOC wanted by: 
	steganos/lib/protocols.c:121
	steganos/lib/protocols.c:385
	steganos/lib/channel.c:263
	steganos/lib/channel.c:286
	steganos/lib/channel.c:395
	steganos/lib/channel.c:620
	steganos/lib/channel.c:648
	steganos/lib/channel.c:674
	steganos/lib/channel.c:896
	steganos/lib/miscellaneous.c:72
	steganos/lib/miscellaneous.c:76
	steganos/lib/miscellaneous.c:228
	steganos/lib/miscellaneous.c:231
	steganos/lib/miscellaneous.c:292
	steganos/lib/miscellaneous.c:295
	examples/seeking_example.c:115
autoscan: warning: missing AC_FUNC_REALLOC wanted by: 
	steganos/lib/protocols.c:243
	steganos/lib/protocols.c:253
	steganos/lib/protocols.c:287
	steganos/lib/protocols.c:293
	steganos/lib/protocols.c:302
	steganos/lib/protocols.c:307
	steganos/lib/protocols.c:312
autoscan: warning: missing AC_FUNC_STRTOD wanted by: 
	vq/bookutil.c:80
autoscan: warning: missing AC_PROG_CXX wanted by: 
	ltmain.sh:677
	ltmain.sh:1015
	ltmain.sh:1022
	ltmain.sh:1022
	ltmain.sh:1022
	ltmain.sh:1022
	ltmain.sh:1031
	ltmain.sh:1037
	ltmain.sh:1037
	ltmain.sh:1037
	ltmain.sh:1037
autoscan: warning: missing AC_PROG_RANLIB wanted by: 
	ltmain.sh:1601
autoscan: warning: missing AC_TYPE_INT16_T wanted by: 
	macos/compat/sys/types.h:1
autoscan: warning: missing AC_TYPE_INT32_T wanted by: 
	macos/compat/sys/types.h:1
autoscan: warning: missing AC_TYPE_INT64_T wanted by: 
	macos/compat/sys/types.h:1
autoscan: warning: missing AC_TYPE_SIZE_T wanted by: 
	lib/os.h:56
	lib/vorbisfile.c:996
	lib/vorbisfile.c:996
	lib/vorbisfile.c:1057
	lib/vorbisfile.c:1057
	steganos/lib/protocols.h:32
	steganos/lib/protocols.c:70
	steganos/lib/protocols.c:220
	steganos/lib/miscellaneous.h:91
	steganos/lib/miscellaneous.h:91
	steganos/lib/miscellaneous.c:151
	steganos/lib/miscellaneous.c:151
	include/vorbis/vorbisfile.h:40
	include/vorbis/vorbisfile.h:40
	include/vorbis/vorbisfile.h:76
	include/vorbis/vorbisfile.h:76
	include/vorbis/vorbisfile.h:83
	include/vorbis/vorbisfile.h:83
	include/vorbis/vorbisfile.h:90
	include/vorbis/vorbisfile.h:90
	include/vorbis/vorbisfile.h:97
	include/vorbis/vorbisfile.h:97
