This file contains any messages produced by compilers while
running configure, to aid debugging if configure makes a mistake.

It was created by libvorbis configure 1.2.3, which was
generated by GNU Autoconf 2.65.  Invocation command line was

  $ ./configure 

## --------- ##
## Platform. ##
## --------- ##

hostname = jesus-desktop
uname -m = x86_64
uname -r = 2.6.32-24-generic
uname -s = Linux
uname -v = #42-Ubuntu SMP Fri Aug 20 14:21:58 UTC 2010

/usr/bin/uname -p = unknown
/bin/uname -X     = unknown

/bin/arch              = unknown
/usr/bin/arch -k       = unknown
/usr/convex/getsysinfo = unknown
/usr/bin/hostinfo      = unknown
/bin/machine           = unknown
/usr/bin/oslevel       = unknown
/bin/universe          = unknown

PATH: /usr/local/sbin
PATH: /usr/local/bin
PATH: /usr/sbin
PATH: /usr/bin
PATH: /sbin
PATH: /bin
PATH: /usr/X11R6/bin


## ----------- ##
## Core tests. ##
## ----------- ##

configure:2385: checking build system type
configure:2399: result: x86_64-unknown-linux-gnu
configure:2419: checking host system type
configure:2432: result: x86_64-unknown-linux-gnu
configure:2452: checking target system type
configure:2465: result: x86_64-unknown-linux-gnu
configure:2508: checking for a BSD-compatible install
configure:2576: result: /usr/bin/install -c
configure:2587: checking whether build environment is sane
configure:2637: result: yes
configure:2778: checking for a thread-safe mkdir -p
configure:2817: result: /bin/mkdir -p
configure:2830: checking for gawk
configure:2846: found /usr/bin/gawk
configure:2857: result: gawk
configure:2868: checking whether make sets $(MAKE)
configure:2890: result: yes
configure:3050: checking for gcc
configure:3066: found /usr/bin/gcc
configure:3077: result: gcc
configure:3306: checking for C compiler version
configure:3315: gcc --version >&5
gcc (Ubuntu 4.4.3-4ubuntu5) 4.4.3
Copyright (C) 2009 Free Software Foundation, Inc.
This is free software; see the source for copying conditions.  There is NO
warranty; not even for MERCHANTABILITY or FITNESS FOR A PARTICULAR PURPOSE.

configure:3326: $? = 0
configure:3315: gcc -v >&5
Using built-in specs.
Target: x86_64-linux-gnu
Configured with: ../src/configure -v --with-pkgversion='Ubuntu 4.4.3-4ubuntu5' --with-bugurl=file:///usr/share/doc/gcc-4.4/README.Bugs --enable-languages=c,c++,fortran,objc,obj-c++ --prefix=/usr --enable-shared --enable-multiarch --enable-linker-build-id --with-system-zlib --libexecdir=/usr/lib --without-included-gettext --enable-threads=posix --with-gxx-include-dir=/usr/include/c++/4.4 --program-suffix=-4.4 --enable-nls --enable-clocale=gnu --enable-libstdcxx-debug --enable-plugin --enable-objc-gc --disable-werror --with-arch-32=i486 --with-tune=generic --enable-checking=release --build=x86_64-linux-gnu --host=x86_64-linux-gnu --target=x86_64-linux-gnu
Thread model: posix
gcc version 4.4.3 (Ubuntu 4.4.3-4ubuntu5) 
configure:3326: $? = 0
configure:3315: gcc -V >&5
gcc: '-V' option must have argument
configure:3326: $? = 1
configure:3315: gcc -qversion >&5
gcc: unrecognized option '-qversion'
gcc: no input files
configure:3326: $? = 1
configure:3346: checking whether the C compiler works
configure:3368: gcc    conftest.c  >&5
configure:3372: $? = 0
configure:3421: result: yes
configure:3424: checking for C compiler default output file name
configure:3426: result: a.out
configure:3432: checking for suffix of executables
configure:3439: gcc -o conftest    conftest.c  >&5
configure:3443: $? = 0
configure:3465: result: 
configure:3487: checking whether we are cross compiling
configure:3495: gcc -o conftest    conftest.c  >&5
configure:3499: $? = 0
configure:3506: ./conftest
configure:3510: $? = 0
configure:3525: result: no
configure:3530: checking for suffix of object files
configure:3552: gcc -c   conftest.c >&5
configure:3556: $? = 0
configure:3577: result: o
configure:3581: checking whether we are using the GNU C compiler
configure:3600: gcc -c   conftest.c >&5
configure:3600: $? = 0
configure:3609: result: yes
configure:3618: checking whether gcc accepts -g
configure:3638: gcc -c -g  conftest.c >&5
configure:3638: $? = 0
configure:3679: result: yes
configure:3696: checking for gcc option to accept ISO C89
configure:3760: gcc  -c -g -O2  conftest.c >&5
configure:3760: $? = 0
configure:3773: result: none needed
configure:3804: checking for style of include used by make
configure:3832: result: GNU
configure:3857: checking dependency style of gcc
configure:3967: result: gcc3
configure:3987: checking how to run the C preprocessor
configure:4018: gcc -E  conftest.c
configure:4018: $? = 0
configure:4032: gcc -E  conftest.c
conftest.c:11:28: error: ac_nonexistent.h: No such file or directory
configure:4032: $? = 1
configure: failed program was:
| /* confdefs.h */
| #define PACKAGE_NAME "libvorbis"
| #define PACKAGE_TARNAME "libvorbis"
| #define PACKAGE_VERSION "1.2.3"
| #define PACKAGE_STRING "libvorbis 1.2.3"
| #define PACKAGE_BUGREPORT "vorbis-dev@xiph.org"
| #define PACKAGE_URL ""
| #define PACKAGE "libvorbis"
| #define VERSION "1.2.3"
| /* end confdefs.h.  */
| #include <ac_nonexistent.h>
configure:4057: result: gcc -E
configure:4077: gcc -E  conftest.c
configure:4077: $? = 0
configure:4091: gcc -E  conftest.c
conftest.c:11:28: error: ac_nonexistent.h: No such file or directory
configure:4091: $? = 1
configure: failed program was:
| /* confdefs.h */
| #define PACKAGE_NAME "libvorbis"
| #define PACKAGE_TARNAME "libvorbis"
| #define PACKAGE_VERSION "1.2.3"
| #define PACKAGE_STRING "libvorbis 1.2.3"
| #define PACKAGE_BUGREPORT "vorbis-dev@xiph.org"
| #define PACKAGE_URL ""
| #define PACKAGE "libvorbis"
| #define VERSION "1.2.3"
| /* end confdefs.h.  */
| #include <ac_nonexistent.h>
configure:4122: checking for inline
configure:4138: gcc -c   conftest.c >&5
configure:4138: $? = 0
configure:4146: result: inline
configure:4493: checking for a sed that does not truncate output
configure:4557: result: /bin/sed
configure:4575: checking for grep that handles long lines and -e
configure:4633: result: /bin/grep
configure:4638: checking for egrep
configure:4700: result: /bin/grep -E
configure:4705: checking for fgrep
configure:4767: result: /bin/grep -F
configure:4802: checking for ld used by gcc
configure:4869: result: /usr/bin/ld
configure:4876: checking if the linker (/usr/bin/ld) is GNU ld
configure:4891: result: yes
configure:4903: checking for BSD- or MS-compatible name lister (nm)
configure:4952: result: /usr/bin/nm -B
configure:5070: checking the name lister (/usr/bin/nm -B) interface
configure:5077: gcc -c   conftest.c >&5
configure:5080: /usr/bin/nm -B "conftest.o"
configure:5083: output
0000000000000000 B some_variable
configure:5090: result: BSD nm
configure:5093: checking whether ln -s works
configure:5097: result: yes
configure:5105: checking the maximum length of command line arguments
configure:5225: result: 1572864
configure:5242: checking whether the shell understands some XSI constructs
configure:5252: result: yes
configure:5256: checking whether the shell understands "+="
configure:5262: result: yes
configure:5297: checking for /usr/bin/ld option to reload object files
configure:5304: result: -r
configure:5373: checking for objdump
configure:5400: result: objdump
configure:5429: checking how to recognize dependent libraries
configure:5625: result: pass_all
configure:5685: checking for ar
configure:5701: found /usr/bin/ar
configure:5712: result: ar
configure:5790: checking for strip
configure:5806: found /usr/bin/strip
configure:5817: result: strip
configure:5889: checking for ranlib
configure:5905: found /usr/bin/ranlib
configure:5916: result: ranlib
configure:6006: checking command to parse /usr/bin/nm -B output from gcc object
configure:6124: gcc -c   conftest.c >&5
configure:6127: $? = 0
configure:6131: /usr/bin/nm -B conftest.o \| sed -n -e 's/^.*[	 ]\([ABCDGIRSTW][ABCDGIRSTW]*\)[	 ][	 ]*\([_A-Za-z][_A-Za-z0-9]*\)$/\1 \2 \2/p' \> conftest.nm
configure:6134: $? = 0
configure:6188: gcc -o conftest    conftest.c conftstm.o >&5
configure:6191: $? = 0
configure:6229: result: ok
configure:6324: gcc -c   conftest.c >&5
configure:6327: $? = 0
configure:7033: checking for ANSI C header files
configure:7053: gcc -c   conftest.c >&5
configure:7053: $? = 0
configure:7126: gcc -o conftest    conftest.c  >&5
configure:7126: $? = 0
configure:7126: ./conftest
configure:7126: $? = 0
configure:7137: result: yes
configure:7150: checking for sys/types.h
configure:7150: gcc -c   conftest.c >&5
configure:7150: $? = 0
configure:7150: result: yes
configure:7150: checking for sys/stat.h
configure:7150: gcc -c   conftest.c >&5
configure:7150: $? = 0
configure:7150: result: yes
configure:7150: checking for stdlib.h
configure:7150: gcc -c   conftest.c >&5
configure:7150: $? = 0
configure:7150: result: yes
configure:7150: checking for string.h
configure:7150: gcc -c   conftest.c >&5
configure:7150: $? = 0
configure:7150: result: yes
configure:7150: checking for memory.h
configure:7150: gcc -c   conftest.c >&5
configure:7150: $? = 0
configure:7150: result: yes
configure:7150: checking for strings.h
configure:7150: gcc -c   conftest.c >&5
configure:7150: $? = 0
configure:7150: result: yes
configure:7150: checking for inttypes.h
configure:7150: gcc -c   conftest.c >&5
configure:7150: $? = 0
configure:7150: result: yes
configure:7150: checking for stdint.h
configure:7150: gcc -c   conftest.c >&5
configure:7150: $? = 0
configure:7150: result: yes
configure:7150: checking for unistd.h
configure:7150: gcc -c   conftest.c >&5
configure:7150: $? = 0
configure:7150: result: yes
configure:7165: checking for dlfcn.h
configure:7165: gcc -c   conftest.c >&5
configure:7165: $? = 0
configure:7165: result: yes
configure:7347: checking for objdir
configure:7362: result: .libs
configure:7654: checking if gcc supports -fno-rtti -fno-exceptions
configure:7672: gcc -c   -fno-rtti -fno-exceptions conftest.c >&5
cc1: warning: command line option "-fno-rtti" is valid for C++/ObjC++ but not for C
configure:7676: $? = 0
configure:7689: result: no
configure:7709: checking for gcc option to produce PIC
configure:7981: result: -fPIC -DPIC
configure:7993: checking if gcc PIC flag -fPIC -DPIC works
configure:8011: gcc -c   -fPIC -DPIC -DPIC conftest.c >&5
configure:8015: $? = 0
configure:8028: result: yes
configure:8052: checking if gcc static flag -static works
configure:8080: result: yes
configure:8095: checking if gcc supports -c -o file.o
configure:8116: gcc -c   -o out/conftest2.o conftest.c >&5
configure:8120: $? = 0
configure:8142: result: yes
configure:8150: checking if gcc supports -c -o file.o
configure:8197: result: yes
configure:8230: checking whether the gcc linker (/usr/bin/ld -m elf_x86_64) supports shared libraries
configure:9221: result: yes
configure:9258: checking whether -lc should be explicitly linked in
configure:9263: gcc -c   conftest.c >&5
configure:9266: $? = 0
configure:9281: gcc -shared conftest.o  -v -Wl,-soname -Wl,conftest -o conftest 2\>\&1 \| /bin/grep  -lc  \>/dev/null 2\>\&1
configure:9284: $? = 0
configure:9296: result: no
configure:9460: checking dynamic linker characteristics
configure:9893: gcc -o conftest    -Wl,-rpath -Wl,/foo conftest.c  >&5
configure:9893: $? = 0
configure:10123: result: GNU/Linux ld.so
configure:10225: checking how to hardcode library paths into programs
configure:10250: result: immediate
configure:10770: checking whether stripping libraries is possible
configure:10775: result: yes
configure:10810: checking if libtool supports shared libraries
configure:10812: result: yes
configure:10815: checking whether to build shared libraries
configure:10836: result: yes
configure:10839: checking whether to build static libraries
configure:10843: result: yes
configure:10879: checking whether gcc and cc understand -c and -o together
configure:10910: gcc -c conftest.c -o conftest2.o >&5
configure:10914: $? = 0
configure:10920: gcc -c conftest.c -o conftest2.o >&5
configure:10924: $? = 0
configure:10935: cc -c conftest.c >&5
configure:10939: $? = 0
configure:10947: cc -c conftest.c -o conftest2.o >&5
configure:10951: $? = 0
configure:10957: cc -c conftest.c -o conftest2.o >&5
configure:10961: $? = 0
configure:10979: result: yes
configure:11143: checking GCC version
configure:11146: result: 4.4.3
configure:11287: checking if gcc accepts -Wdeclaration-after-statement
configure:11302: gcc -o conftest -O20 -Wall -Wextra -ffast-math -D_REENTRANT -fsigned-char -Wdeclaration-after-statement   conftest.c  >&5
configure:11302: $? = 0
configure:11303: result: yes
configure:11317: checking for memory.h
configure:11317: result: yes
configure:11327: checking fcntl.h usability
configure:11327: gcc -c -O20 -Wall -Wextra -ffast-math -D_REENTRANT -fsigned-char -Wdeclaration-after-statement  -DUSE_MEMORY_H  conftest.c >&5
configure:11327: $? = 0
configure:11327: result: yes
configure:11327: checking fcntl.h presence
configure:11327: gcc -E  conftest.c
configure:11327: $? = 0
configure:11327: result: yes
configure:11327: checking for fcntl.h
configure:11327: result: yes
configure:11339: checking limits.h usability
configure:11339: gcc -c -O20 -Wall -Wextra -ffast-math -D_REENTRANT -fsigned-char -Wdeclaration-after-statement  -DUSE_MEMORY_H  conftest.c >&5
configure:11339: $? = 0
configure:11339: result: yes
configure:11339: checking limits.h presence
configure:11339: gcc -E  conftest.c
configure:11339: $? = 0
configure:11339: result: yes
configure:11339: checking for limits.h
configure:11339: result: yes
configure:11351: checking gcrypt.h usability
configure:11351: gcc -c -O20 -Wall -Wextra -ffast-math -D_REENTRANT -fsigned-char -Wdeclaration-after-statement  -DUSE_MEMORY_H  conftest.c >&5
configure:11351: $? = 0
configure:11351: result: yes
configure:11351: checking gcrypt.h presence
configure:11351: gcc -E  conftest.c
configure:11351: $? = 0
configure:11351: result: yes
configure:11351: checking for gcrypt.h
configure:11351: result: yes
configure:11365: checking zlib.h usability
configure:11365: gcc -c -O20 -Wall -Wextra -ffast-math -D_REENTRANT -fsigned-char -Wdeclaration-after-statement  -DUSE_MEMORY_H  conftest.c >&5
configure:11365: $? = 0
configure:11365: result: yes
configure:11365: checking zlib.h presence
configure:11365: gcc -E  conftest.c
configure:11365: $? = 0
configure:11365: result: yes
configure:11365: checking for zlib.h
configure:11365: result: yes
configure:11382: checking for cos in -lm
configure:11407: gcc -o conftest -O20 -Wall -Wextra -ffast-math -D_REENTRANT -fsigned-char -Wdeclaration-after-statement  -DUSE_MEMORY_H   conftest.c -lm   >&5
conftest.c:34: warning: conflicting types for built-in function 'cos'
configure:11407: $? = 0
configure:11416: result: yes
configure:11424: checking for pthread_create in -lpthread
configure:11449: gcc -o conftest -O20 -Wall -Wextra -ffast-math -D_REENTRANT -fsigned-char -Wdeclaration-after-statement  -DUSE_MEMORY_H   conftest.c -lpthread   >&5
configure:11449: $? = 0
configure:11458: result: yes
configure:11516: checking for pkg-config
configure:11534: found /usr/bin/pkg-config
configure:11546: result: /usr/bin/pkg-config
configure:11571: checking pkg-config is at least version 0.9.0
configure:11574: result: yes
configure:11589: checking for OGG
configure:11597: $PKG_CONFIG --exists --print-errors "ogg >= 1.0"
configure:11600: $? = 0
configure:11615: $PKG_CONFIG --exists --print-errors "ogg >= 1.0"
configure:11618: $? = 0
configure:11654: result: yes
configure:11839: checking for working alloca.h
configure:11856: gcc -o conftest -O20 -Wall -Wextra -ffast-math -D_REENTRANT -fsigned-char -Wdeclaration-after-statement  -DUSE_MEMORY_H   conftest.c  >&5
configure:11856: $? = 0
configure:11864: result: yes
configure:11872: checking for alloca
configure:11909: gcc -o conftest -O20 -Wall -Wextra -ffast-math -D_REENTRANT -fsigned-char -Wdeclaration-after-statement  -DUSE_MEMORY_H   conftest.c  >&5
configure:11909: $? = 0
configure:11917: result: yes
configure:12027: checking for working memcmp
configure:12070: gcc -o conftest -O20 -Wall -Wextra -ffast-math -D_REENTRANT -fsigned-char -Wdeclaration-after-statement  -DUSE_MEMORY_H   conftest.c  >&5
configure:12070: $? = 0
configure:12070: ./conftest
configure:12070: $? = 0
configure:12080: result: yes
configure:12091: checking for stdlib.h
configure:12091: result: yes
configure:12101: checking for GNU libc compatible malloc
configure:12125: gcc -o conftest -O20 -Wall -Wextra -ffast-math -D_REENTRANT -fsigned-char -Wdeclaration-after-statement  -DUSE_MEMORY_H   conftest.c  >&5
configure:12125: $? = 0
configure:12125: ./conftest
configure:12125: $? = 0
configure:12135: result: yes
configure:12158: checking for stdlib.h
configure:12158: result: yes
configure:12168: checking for GNU libc compatible realloc
configure:12192: gcc -o conftest -O20 -Wall -Wextra -ffast-math -D_REENTRANT -fsigned-char -Wdeclaration-after-statement  -DUSE_MEMORY_H   conftest.c  >&5
configure:12192: $? = 0
configure:12192: ./conftest
configure:12192: $? = 0
configure:12202: result: yes
configure:12359: creating ./config.status

## ---------------------- ##
## Running config.status. ##
## ---------------------- ##

This file was extended by libvorbis config.status 1.2.3, which was
generated by GNU Autoconf 2.65.  Invocation command line was

  CONFIG_FILES    = 
  CONFIG_HEADERS  = 
  CONFIG_LINKS    = 
  CONFIG_COMMANDS = 
  $ ./config.status 

on jesus-desktop

config.status:1131: creating Makefile
config.status:1131: creating m4/Makefile
config.status:1131: creating lib/Makefile
config.status:1131: creating lib/modes/Makefile
config.status:1131: creating lib/books/Makefile
config.status:1131: creating lib/books/coupled/Makefile
config.status:1131: creating lib/books/uncoupled/Makefile
config.status:1131: creating lib/books/floor/Makefile
config.status:1131: creating steganos/Makefile
config.status:1131: creating steganos/include/Makefile
config.status:1131: creating steganos/lib/Makefile
config.status:1131: creating doc/Makefile
config.status:1131: creating doc/vorbisfile/Makefile
config.status:1131: creating doc/vorbisenc/Makefile
config.status:1131: creating include/Makefile
config.status:1131: creating include/vorbis/Makefile
config.status:1131: creating examples/Makefile
config.status:1131: creating test/Makefile
config.status:1131: creating vq/Makefile
config.status:1131: creating libvorbis.spec
config.status:1131: creating vorbis.pc
config.status:1131: creating vorbisenc.pc
config.status:1131: creating vorbisfile.pc
config.status:1131: creating vorbis-uninstalled.pc
config.status:1131: creating vorbisenc-uninstalled.pc
config.status:1131: creating vorbisfile-uninstalled.pc
config.status:1131: creating config.h
config.status:1303: config.h is unchanged
config.status:1351: executing depfiles commands
config.status:1351: executing libtool commands

## ---------------- ##
## Cache variables. ##
## ---------------- ##

ac_cv_build=x86_64-unknown-linux-gnu
ac_cv_c_compiler_gnu=yes
ac_cv_c_inline=inline
ac_cv_env_CC_set=
ac_cv_env_CC_value=
ac_cv_env_CFLAGS_set=
ac_cv_env_CFLAGS_value=
ac_cv_env_CPPFLAGS_set=
ac_cv_env_CPPFLAGS_value=
ac_cv_env_CPP_set=
ac_cv_env_CPP_value=
ac_cv_env_LDFLAGS_set=
ac_cv_env_LDFLAGS_value=
ac_cv_env_LIBS_set=
ac_cv_env_LIBS_value=
ac_cv_env_OGG_CFLAGS_set=
ac_cv_env_OGG_CFLAGS_value=
ac_cv_env_OGG_LIBS_set=
ac_cv_env_OGG_LIBS_value=
ac_cv_env_PKG_CONFIG_set=
ac_cv_env_PKG_CONFIG_value=
ac_cv_env_build_alias_set=
ac_cv_env_build_alias_value=
ac_cv_env_host_alias_set=
ac_cv_env_host_alias_value=
ac_cv_env_target_alias_set=
ac_cv_env_target_alias_value=
ac_cv_func_alloca_works=yes
ac_cv_func_malloc_0_nonnull=yes
ac_cv_func_memcmp_working=yes
ac_cv_func_realloc_0_nonnull=yes
ac_cv_header_dlfcn_h=yes
ac_cv_header_fcntl_h=yes
ac_cv_header_gcrypt_h=yes
ac_cv_header_inttypes_h=yes
ac_cv_header_limits_h=yes
ac_cv_header_memory_h=yes
ac_cv_header_stdc=yes
ac_cv_header_stdint_h=yes
ac_cv_header_stdlib_h=yes
ac_cv_header_string_h=yes
ac_cv_header_strings_h=yes
ac_cv_header_sys_stat_h=yes
ac_cv_header_sys_types_h=yes
ac_cv_header_unistd_h=yes
ac_cv_header_zlib_h=yes
ac_cv_host=x86_64-unknown-linux-gnu
ac_cv_lib_m_cos=yes
ac_cv_lib_pthread_pthread_create=yes
ac_cv_objext=o
ac_cv_path_EGREP='/bin/grep -E'
ac_cv_path_FGREP='/bin/grep -F'
ac_cv_path_GREP=/bin/grep
ac_cv_path_SED=/bin/sed
ac_cv_path_ac_pt_PKG_CONFIG=/usr/bin/pkg-config
ac_cv_path_install='/usr/bin/install -c'
ac_cv_path_mkdir=/bin/mkdir
ac_cv_prog_AWK=gawk
ac_cv_prog_CPP='gcc -E'
ac_cv_prog_ac_ct_AR=ar
ac_cv_prog_ac_ct_CC=gcc
ac_cv_prog_ac_ct_OBJDUMP=objdump
ac_cv_prog_ac_ct_RANLIB=ranlib
ac_cv_prog_ac_ct_STRIP=strip
ac_cv_prog_cc_c89=
ac_cv_prog_cc_g=yes
ac_cv_prog_cc_gcc_c_o=yes
ac_cv_prog_make_make_set=yes
ac_cv_target=x86_64-unknown-linux-gnu
ac_cv_working_alloca_h=yes
am_cv_CC_dependencies_compiler_type=gcc3
lt_cv_deplibs_check_method=pass_all
lt_cv_file_magic_cmd='$MAGIC_CMD'
lt_cv_file_magic_test_file=
lt_cv_ld_reload_flag=-r
lt_cv_nm_interface='BSD nm'
lt_cv_objdir=.libs
lt_cv_path_LD=/usr/bin/ld
lt_cv_path_NM='/usr/bin/nm -B'
lt_cv_prog_compiler_c_o=yes
lt_cv_prog_compiler_pic_works=yes
lt_cv_prog_compiler_rtti_exceptions=no
lt_cv_prog_compiler_static_works=yes
lt_cv_prog_gnu_ld=yes
lt_cv_sys_global_symbol_pipe='sed -n -e '\''s/^.*[	 ]\([ABCDGIRSTW][ABCDGIRSTW]*\)[	 ][	 ]*\([_A-Za-z][_A-Za-z0-9]*\)$/\1 \2 \2/p'\'''
lt_cv_sys_global_symbol_to_c_name_address='sed -n -e '\''s/^: \([^ ]*\) $/  {\"\1\", (void *) 0},/p'\'' -e '\''s/^[ABCDGIRSTW]* \([^ ]*\) \([^ ]*\)$/  {"\2", (void *) \&\2},/p'\'''
lt_cv_sys_global_symbol_to_c_name_address_lib_prefix='sed -n -e '\''s/^: \([^ ]*\) $/  {\"\1\", (void *) 0},/p'\'' -e '\''s/^[ABCDGIRSTW]* \([^ ]*\) \(lib[^ ]*\)$/  {"\2", (void *) \&\2},/p'\'' -e '\''s/^[ABCDGIRSTW]* \([^ ]*\) \([^ ]*\)$/  {"lib\2", (void *) \&\2},/p'\'''
lt_cv_sys_global_symbol_to_cdecl='sed -n -e '\''s/^T .* \(.*\)$/extern int \1();/p'\'' -e '\''s/^[ABCDGIRSTW]* .* \(.*\)$/extern char \1;/p'\'''
lt_cv_sys_max_cmd_len=1572864
pkg_cv_OGG_CFLAGS=' '
pkg_cv_OGG_LIBS='-logg  '

## ----------------- ##
## Output variables. ##
## ----------------- ##

ACLOCAL='${SHELL} /home/jesus/Clase/Master/Tesina/OGG/Vorbis/libvorbis-1.2.3/missing --run aclocal-1.11'
ACLOCAL_AMFLAGS='-I m4'
ALLOCA=''
AMDEPBACKSLASH='\'
AMDEP_FALSE='#'
AMDEP_TRUE=''
AMTAR='${SHELL} /home/jesus/Clase/Master/Tesina/OGG/Vorbis/libvorbis-1.2.3/missing --run tar'
AR='ar'
AS='as'
AUTOCONF='${SHELL} /home/jesus/Clase/Master/Tesina/OGG/Vorbis/libvorbis-1.2.3/missing --run autoconf'
AUTOHEADER='${SHELL} /home/jesus/Clase/Master/Tesina/OGG/Vorbis/libvorbis-1.2.3/missing --run autoheader'
AUTOMAKE='${SHELL} /home/jesus/Clase/Master/Tesina/OGG/Vorbis/libvorbis-1.2.3/missing --run automake-1.11'
AWK='gawk'
BUILD_DOCS_FALSE=''
BUILD_DOCS_TRUE='#'
CC='gcc'
CCDEPMODE='depmode=gcc3'
CFLAGS='-O20 -Wall -Wextra -ffast-math -D_REENTRANT -fsigned-char -Wdeclaration-after-statement  -DUSE_MEMORY_H'
CPP='gcc -E'
CPPFLAGS=''
CYGPATH_W='echo'
DEBUG='-g -Wall -Wextra -D_REENTRANT -D__NO_MATH_INLINES -fsigned-char'
DEFS='-DHAVE_CONFIG_H'
DEPDIR='.deps'
DLLTOOL='dlltool'
DSYMUTIL=''
DUMPBIN=''
ECHO_C=''
ECHO_N='-n'
ECHO_T=''
EGREP='/bin/grep -E'
EXEEXT=''
FGREP='/bin/grep -F'
GREP='/bin/grep'
HTLATEX=''
INSTALL_DATA='${INSTALL} -m 644'
INSTALL_PROGRAM='${INSTALL}'
INSTALL_SCRIPT='${INSTALL}'
INSTALL_STRIP_PROGRAM='$(install_sh) -c -s'
LD='/usr/bin/ld -m elf_x86_64'
LDFLAGS=''
LIBOBJS=''
LIBS=''
LIBTOOL='$(SHELL) $(top_builddir)/libtool'
LIBTOOL_DEPS='./ltmain.sh'
LIPO=''
LN_S='ln -s'
LTLIBOBJS=''
MAKEINFO='${SHELL} /home/jesus/Clase/Master/Tesina/OGG/Vorbis/libvorbis-1.2.3/missing --run makeinfo'
MKDIR_P='/bin/mkdir -p'
NM='/usr/bin/nm -B'
NMEDIT=''
OBJDUMP='objdump'
OBJEXT='o'
OGG_CFLAGS=' '
OGG_LIBS='-logg  '
OTOOL64=''
OTOOL=''
PACKAGE='libvorbis'
PACKAGE_BUGREPORT='vorbis-dev@xiph.org'
PACKAGE_NAME='libvorbis'
PACKAGE_STRING='libvorbis 1.2.3'
PACKAGE_TARNAME='libvorbis'
PACKAGE_URL=''
PACKAGE_VERSION='1.2.3'
PATH_SEPARATOR=':'
PDFLATEX=''
PKG_CONFIG='/usr/bin/pkg-config'
PROFILE='-pg -g -O20 -ffast-math -D_REENTRANT -fsigned-char'
RANLIB='ranlib'
SED='/bin/sed'
SET_MAKE=''
SHELL='/bin/bash'
STEGANOS_LIBS='-lgcrypt -lz -lz'
STRIP='strip'
VERSION='1.2.3'
VE_LIB_AGE='0'
VE_LIB_CURRENT='2'
VE_LIB_REVISION='6'
VF_LIB_AGE='3'
VF_LIB_CURRENT='6'
VF_LIB_REVISION='2'
VORBISTEG='-pg -g -O20 -ffast-math -D_REENTRANT -fsigned-char  -DSTEGO'
VORBISTEGDEBUG='-g -Wall -Wextra -D_REENTRANT -D__NO_MATH_INLINES -fsigned-char  -DSTEGANOS_DEBUG -DSTEGO'
VORBIS_LIBS='-lm'
V_LIB_AGE='4'
V_LIB_CURRENT='4'
V_LIB_REVISION='3'
ac_ct_CC='gcc'
ac_ct_DUMPBIN=''
am__EXEEXT_FALSE=''
am__EXEEXT_TRUE='#'
am__fastdepCC_FALSE='#'
am__fastdepCC_TRUE=''
am__include='include'
am__isrc=''
am__leading_dot='.'
am__quote=''
am__tar='${AMTAR} chof - "$$tardir"'
am__untar='${AMTAR} xf -'
bindir='${exec_prefix}/bin'
build='x86_64-unknown-linux-gnu'
build_alias=''
build_cpu='x86_64'
build_os='linux-gnu'
build_vendor='unknown'
datadir='${datarootdir}'
datarootdir='${prefix}/share'
docdir='${datarootdir}/doc/${PACKAGE_TARNAME}'
dvidir='${docdir}'
exec_prefix='${prefix}'
host='x86_64-unknown-linux-gnu'
host_alias=''
host_cpu='x86_64'
host_os='linux-gnu'
host_vendor='unknown'
htmldir='${docdir}'
includedir='${prefix}/include'
infodir='${datarootdir}/info'
install_sh='${SHELL} /home/jesus/Clase/Master/Tesina/OGG/Vorbis/libvorbis-1.2.3/install-sh'
libdir='${exec_prefix}/lib'
libexecdir='${exec_prefix}/libexec'
localedir='${datarootdir}/locale'
localstatedir='${prefix}/var'
lt_ECHO='echo'
mandir='${datarootdir}/man'
mkdir_p='/bin/mkdir -p'
oldincludedir='/usr/include'
pdfdir='${docdir}'
prefix='/usr/local'
program_transform_name='s,x,x,'
psdir='${docdir}'
pthread_lib='-lpthread'
sbindir='${exec_prefix}/sbin'
sharedstatedir='${prefix}/com'
sysconfdir='${prefix}/etc'
target='x86_64-unknown-linux-gnu'
target_alias=''
target_cpu='x86_64'
target_os='linux-gnu'
target_vendor='unknown'

## ----------- ##
## confdefs.h. ##
## ----------- ##

/* confdefs.h */
#define PACKAGE_NAME "libvorbis"
#define PACKAGE_TARNAME "libvorbis"
#define PACKAGE_VERSION "1.2.3"
#define PACKAGE_STRING "libvorbis 1.2.3"
#define PACKAGE_BUGREPORT "vorbis-dev@xiph.org"
#define PACKAGE_URL ""
#define PACKAGE "libvorbis"
#define VERSION "1.2.3"
#define STDC_HEADERS 1
#define HAVE_SYS_TYPES_H 1
#define HAVE_SYS_STAT_H 1
#define HAVE_STDLIB_H 1
#define HAVE_STRING_H 1
#define HAVE_MEMORY_H 1
#define HAVE_STRINGS_H 1
#define HAVE_INTTYPES_H 1
#define HAVE_STDINT_H 1
#define HAVE_UNISTD_H 1
#define HAVE_DLFCN_H 1
#define LT_OBJDIR ".libs/"
#define HAVE_FCNTL_H 1
#define HAVE_LIMITS_H 1
#define HAVE_GCRYPT_H 1
#define HAVE_ZLIB_H 1
#define HAVE_ALLOCA_H 1
#define HAVE_ALLOCA 1
#define HAVE_STDLIB_H 1
#define HAVE_MALLOC 1
#define HAVE_STDLIB_H 1
#define HAVE_REALLOC 1

configure: exit 0

## ---------------------- ##
## Running config.status. ##
## ---------------------- ##

This file was extended by libvorbis config.status 1.2.3, which was
generated by GNU Autoconf 2.65.  Invocation command line was

  CONFIG_FILES    = 
  CONFIG_HEADERS  = 
  CONFIG_LINKS    = 
  CONFIG_COMMANDS = 
  $ ./config.status config.h

on jesus-desktop

config.status:1131: creating config.h
config.status:1303: config.h is unchanged
