\BOOKMARK [0][-]{chapter.1}{\376\377\000C\000l\000a\000s\000s\000\040\000I\000n\000d\000e\000x}{}
\BOOKMARK [1][-]{section.1.1}{\376\377\000C\000l\000a\000s\000s\000\040\000L\000i\000s\000t}{chapter.1}
\BOOKMARK [0][-]{chapter.2}{\376\377\000F\000i\000l\000e\000\040\000I\000n\000d\000e\000x}{}
\BOOKMARK [1][-]{section.2.1}{\376\377\000F\000i\000l\000e\000\040\000L\000i\000s\000t}{chapter.2}
\BOOKMARK [0][-]{chapter.3}{\376\377\000C\000l\000a\000s\000s\000\040\000D\000o\000c\000u\000m\000e\000n\000t\000a\000t\000i\000o\000n}{}
\BOOKMARK [1][-]{section.3.1}{\376\377\000c\000r\000y\000p\000t\000o\000s\000\137\000c\000o\000n\000f\000i\000g\000\137\000t\000\040\000S\000t\000r\000u\000c\000t\000\040\000R\000e\000f\000e\000r\000e\000n\000c\000e}{chapter.3}
\BOOKMARK [2][-]{subsection.3.1.1}{\376\377\000D\000e\000t\000a\000i\000l\000e\000d\000\040\000D\000e\000s\000c\000r\000i\000p\000t\000i\000o\000n}{section.3.1}
\BOOKMARK [2][-]{subsection.3.1.2}{\376\377\000M\000e\000m\000b\000e\000r\000\040\000D\000a\000t\000a\000\040\000D\000o\000c\000u\000m\000e\000n\000t\000a\000t\000i\000o\000n}{section.3.1}
\BOOKMARK [3][-]{subsubsection.3.1.2.1}{\376\377\000c\000h\000d}{subsection.3.1.2}
\BOOKMARK [3][-]{subsubsection.3.1.2.2}{\376\377\000c\000i\000p\000h\000e\000r\000\137\000a\000l\000g\000o}{subsection.3.1.2}
\BOOKMARK [3][-]{subsubsection.3.1.2.3}{\376\377\000d\000e\000f\000a\000u\000l\000t\000\137\000d\000a\000t\000a\000\137\000s\000i\000z\000e}{subsection.3.1.2}
\BOOKMARK [3][-]{subsubsection.3.1.2.4}{\376\377\000e\000m\000i\000s\000s\000i\000o\000n}{subsection.3.1.2}
\BOOKMARK [3][-]{subsubsection.3.1.2.5}{\376\377\000h\000m\000a\000c}{subsection.3.1.2}
\BOOKMARK [3][-]{subsubsection.3.1.2.6}{\376\377\000i\000v}{subsection.3.1.2}
\BOOKMARK [3][-]{subsubsection.3.1.2.7}{\376\377\000k\000e\000y}{subsection.3.1.2}
\BOOKMARK [3][-]{subsubsection.3.1.2.8}{\376\377\000m\000a\000x\000\137\000d\000a\000t\000a}{subsection.3.1.2}
\BOOKMARK [3][-]{subsubsection.3.1.2.9}{\376\377\000m\000d\000\137\000a\000l\000g\000o}{subsection.3.1.2}
\BOOKMARK [3][-]{subsubsection.3.1.2.10}{\376\377\000m\000d\000\137\000l\000e\000n}{subsection.3.1.2}
\BOOKMARK [3][-]{subsubsection.3.1.2.11}{\376\377\000m\000d\000h\000d}{subsection.3.1.2}
\BOOKMARK [3][-]{subsubsection.3.1.2.12}{\376\377\000p\000a\000c\000k\000e\000t}{subsection.3.1.2}
\BOOKMARK [1][-]{section.3.2}{\376\377\000c\000r\000y\000p\000t\000o\000s\000\137\000k\000e\000y\000\137\000t\000\040\000S\000t\000r\000u\000c\000t\000\040\000R\000e\000f\000e\000r\000e\000n\000c\000e}{chapter.3}
\BOOKMARK [2][-]{subsection.3.2.1}{\376\377\000D\000e\000t\000a\000i\000l\000e\000d\000\040\000D\000e\000s\000c\000r\000i\000p\000t\000i\000o\000n}{section.3.2}
\BOOKMARK [2][-]{subsection.3.2.2}{\376\377\000M\000e\000m\000b\000e\000r\000\040\000D\000a\000t\000a\000\040\000D\000o\000c\000u\000m\000e\000n\000t\000a\000t\000i\000o\000n}{section.3.2}
\BOOKMARK [3][-]{subsubsection.3.2.2.1}{\376\377\000k\000e\000y}{subsection.3.2.2}
\BOOKMARK [3][-]{subsubsection.3.2.2.2}{\376\377\000l\000e\000n\000g\000t\000h}{subsection.3.2.2}
\BOOKMARK [1][-]{section.3.3}{\376\377\000c\000r\000y\000p\000t\000o\000s\000\137\000p\000r\000o\000t\000o\000c\000o\000l\000\137\000b\000u\000f\000f\000e\000r\000\040\000S\000t\000r\000u\000c\000t\000\040\000R\000e\000f\000e\000r\000e\000n\000c\000e}{chapter.3}
\BOOKMARK [2][-]{subsection.3.3.1}{\376\377\000D\000e\000t\000a\000i\000l\000e\000d\000\040\000D\000e\000s\000c\000r\000i\000p\000t\000i\000o\000n}{section.3.3}
\BOOKMARK [1][-]{section.3.4}{\376\377\000c\000r\000y\000p\000t\000o\000s\000\137\000p\000r\000o\000t\000o\000c\000o\000l\000\137\000b\000u\000f\000f\000e\000r\000\137\000t\000\040\000S\000t\000r\000u\000c\000t\000\040\000R\000e\000f\000e\000r\000e\000n\000c\000e}{chapter.3}
\BOOKMARK [2][-]{subsection.3.4.1}{\376\377\000M\000e\000m\000b\000e\000r\000\040\000D\000a\000t\000a\000\040\000D\000o\000c\000u\000m\000e\000n\000t\000a\000t\000i\000o\000n}{section.3.4}
\BOOKMARK [3][-]{subsubsection.3.4.1.1}{\376\377\000b\000u\000f\000f\000e\000r}{subsection.3.4.1}
\BOOKMARK [3][-]{subsubsection.3.4.1.2}{\376\377\000b\000u\000f\000f\000e\000r\000\137\000s\000i\000z\000e}{subsection.3.4.1}
\BOOKMARK [3][-]{subsubsection.3.4.1.3}{\376\377\000b\000u\000f\000f\000e\000r\000\137\000u\000s\000e\000d}{subsection.3.4.1}
\BOOKMARK [3][-]{subsubsection.3.4.1.4}{\376\377\000f\000d}{subsection.3.4.1}
\BOOKMARK [3][-]{subsubsection.3.4.1.5}{\376\377\000o\000f\000f\000s\000e\000t}{subsection.3.4.1}
\BOOKMARK [1][-]{section.3.5}{\376\377\000i\000s\000s\000\137\000c\000f\000g\000\137\000t\000\040\000S\000t\000r\000u\000c\000t\000\040\000R\000e\000f\000e\000r\000e\000n\000c\000e}{chapter.3}
\BOOKMARK [2][-]{subsection.3.5.1}{\376\377\000M\000e\000m\000b\000e\000r\000\040\000D\000a\000t\000a\000\040\000D\000o\000c\000u\000m\000e\000n\000t\000a\000t\000i\000o\000n}{section.3.5}
\BOOKMARK [3][-]{subsubsection.3.5.1.1}{\376\377\000a\000l\000p\000h\000a}{subsection.3.5.1}
\BOOKMARK [3][-]{subsubsection.3.5.1.2}{\376\377\000l\000a\000m\000b\000d\000a}{subsection.3.5.1}
\BOOKMARK [3][-]{subsubsection.3.5.1.3}{\376\377\000s\000i\000g\000m\000a}{subsection.3.5.1}
\BOOKMARK [3][-]{subsubsection.3.5.1.4}{\376\377\000u}{subsection.3.5.1}
\BOOKMARK [3][-]{subsubsection.3.5.1.5}{\376\377\000u\000\137\000n\000o\000r\000m}{subsection.3.5.1}
\BOOKMARK [1][-]{section.3.6}{\376\377\000p\000r\000n\000g\000\137\000t\000\040\000S\000t\000r\000u\000c\000t\000\040\000R\000e\000f\000e\000r\000e\000n\000c\000e}{chapter.3}
\BOOKMARK [2][-]{subsection.3.6.1}{\376\377\000D\000e\000t\000a\000i\000l\000e\000d\000\040\000D\000e\000s\000c\000r\000i\000p\000t\000i\000o\000n}{section.3.6}
\BOOKMARK [2][-]{subsection.3.6.2}{\376\377\000M\000e\000m\000b\000e\000r\000\040\000D\000a\000t\000a\000\040\000D\000o\000c\000u\000m\000e\000n\000t\000a\000t\000i\000o\000n}{section.3.6}
\BOOKMARK [3][-]{subsubsection.3.6.2.1}{\376\377\000i\000t\000e\000r\000s}{subsection.3.6.2}
\BOOKMARK [3][-]{subsubsection.3.6.2.2}{\376\377\000s\000e\000e\000d}{subsection.3.6.2}
\BOOKMARK [1][-]{section.3.7}{\376\377\000s\000t\000e\000g\000a\000n\000o\000s\000\137\000k\000e\000y\000\137\000t\000\040\000S\000t\000r\000u\000c\000t\000\040\000R\000e\000f\000e\000r\000e\000n\000c\000e}{chapter.3}
\BOOKMARK [2][-]{subsection.3.7.1}{\376\377\000D\000e\000t\000a\000i\000l\000e\000d\000\040\000D\000e\000s\000c\000r\000i\000p\000t\000i\000o\000n}{section.3.7}
\BOOKMARK [2][-]{subsection.3.7.2}{\376\377\000M\000e\000m\000b\000e\000r\000\040\000D\000a\000t\000a\000\040\000D\000o\000c\000u\000m\000e\000n\000t\000a\000t\000i\000o\000n}{section.3.7}
\BOOKMARK [3][-]{subsubsection.3.7.2.1}{\376\377\000k\000e\000y}{subsection.3.7.2}
\BOOKMARK [3][-]{subsubsection.3.7.2.2}{\376\377\000l\000e\000n\000g\000t\000h}{subsection.3.7.2}
\BOOKMARK [1][-]{section.3.8}{\376\377\000s\000t\000e\000g\000a\000n\000o\000s\000\137\000s\000t\000a\000t\000e\000\137\000t\000\040\000S\000t\000r\000u\000c\000t\000\040\000R\000e\000f\000e\000r\000e\000n\000c\000e}{chapter.3}
\BOOKMARK [2][-]{subsection.3.8.1}{\376\377\000D\000e\000t\000a\000i\000l\000e\000d\000\040\000D\000e\000s\000c\000r\000i\000p\000t\000i\000o\000n}{section.3.8}
\BOOKMARK [2][-]{subsection.3.8.2}{\376\377\000M\000e\000m\000b\000e\000r\000\040\000D\000a\000t\000a\000\040\000D\000o\000c\000u\000m\000e\000n\000t\000a\000t\000i\000o\000n}{section.3.8}
\BOOKMARK [3][-]{subsubsection.3.8.2.1}{\376\377\000a\000l\000i\000g\000n\000e\000d}{subsection.3.8.2}
\BOOKMARK [3][-]{subsubsection.3.8.2.2}{\376\377\000d\000a}{subsection.3.8.2}
\BOOKMARK [3][-]{subsubsection.3.8.2.3}{\376\377\000d\000e\000s\000y\000n\000c}{subsection.3.8.2}
\BOOKMARK [3][-]{subsubsection.3.8.2.4}{\376\377\000d\000e\000s\000y\000n\000c\000h\000r\000o\000n\000i\000z\000e}{subsection.3.8.2}
\BOOKMARK [3][-]{subsubsection.3.8.2.5}{\376\377\000h\000i\000d\000e}{subsection.3.8.2}
\BOOKMARK [3][-]{subsubsection.3.8.2.6}{\376\377\000h\000i\000d\000e\000\137\000m\000e\000t\000h\000o\000d}{subsection.3.8.2}
\BOOKMARK [3][-]{subsubsection.3.8.2.7}{\376\377\000h\000i\000d\000i\000n\000g\000\137\000k\000e\000y}{subsection.3.8.2}
\BOOKMARK [3][-]{subsubsection.3.8.2.8}{\376\377\000i\000t\000e\000r\000s}{subsection.3.8.2}
\BOOKMARK [3][-]{subsubsection.3.8.2.9}{\376\377\000m\000a\000s\000t\000e\000r\000\137\000k\000e\000y}{subsection.3.8.2}
\BOOKMARK [3][-]{subsubsection.3.8.2.10}{\376\377\000m\000a\000x\000\137\000f\000c\000\137\000c\000a\000p\000a\000c\000i\000t\000y}{subsection.3.8.2}
\BOOKMARK [3][-]{subsubsection.3.8.2.11}{\376\377\000m\000e\000t\000a\000d\000a\000t\000a\000\137\000s\000e\000n\000t}{subsection.3.8.2}
\BOOKMARK [3][-]{subsubsection.3.8.2.12}{\376\377\000m\000i\000n\000\137\000f\000c\000\137\000c\000a\000p\000a\000c\000i\000t\000y}{subsection.3.8.2}
\BOOKMARK [3][-]{subsubsection.3.8.2.13}{\376\377\000o\000u\000t}{subsection.3.8.2}
\BOOKMARK [3][-]{subsubsection.3.8.2.14}{\376\377\000p\000o\000s\000t\000s\000\137\000m\000o\000d\000e}{subsection.3.8.2}
\BOOKMARK [3][-]{subsubsection.3.8.2.15}{\376\377\000p\000r\000n\000g}{subsection.3.8.2}
\BOOKMARK [3][-]{subsubsection.3.8.2.16}{\376\377\000r\000a}{subsection.3.8.2}
\BOOKMARK [3][-]{subsubsection.3.8.2.17}{\376\377\000r\000e\000a\000d}{subsection.3.8.2}
\BOOKMARK [3][-]{subsubsection.3.8.2.18}{\376\377\000r\000e\000m\000a\000i\000n\000i\000n\000g}{subsection.3.8.2}
\BOOKMARK [3][-]{subsubsection.3.8.2.19}{\376\377\000r\000e\000s\000\137\000l\000i\000n\000e\000u\000p}{subsection.3.8.2}
\BOOKMARK [3][-]{subsubsection.3.8.2.20}{\376\377\000r\000e\000s\000\137\000m\000a\000x\000\137\000c\000a\000p\000a\000c\000i\000t\000y}{subsection.3.8.2}
\BOOKMARK [3][-]{subsubsection.3.8.2.21}{\376\377\000r\000e\000s\000\137\000m\000i\000n\000\137\000c\000a\000p\000a\000c\000i\000t\000y}{subsection.3.8.2}
\BOOKMARK [3][-]{subsubsection.3.8.2.22}{\376\377\000r\000e\000s\000\137\000o\000c\000c\000u\000p\000i\000e\000d}{subsection.3.8.2}
\BOOKMARK [3][-]{subsubsection.3.8.2.23}{\376\377\000s\000e\000n\000t}{subsection.3.8.2}
\BOOKMARK [3][-]{subsubsection.3.8.2.24}{\376\377\000s\000t\000a\000t\000u\000s}{subsection.3.8.2}
\BOOKMARK [3][-]{subsubsection.3.8.2.25}{\376\377\000s\000y\000n\000c\000h\000r\000o\000\137\000k\000e\000y}{subsection.3.8.2}
\BOOKMARK [3][-]{subsubsection.3.8.2.26}{\376\377\000s\000y\000n\000c\000h\000r\000o\000\137\000m\000e\000t\000h\000o\000d}{subsection.3.8.2}
\BOOKMARK [3][-]{subsubsection.3.8.2.27}{\376\377\000s\000y\000n\000c\000h\000r\000o\000n\000i\000z\000e}{subsection.3.8.2}
\BOOKMARK [3][-]{subsubsection.3.8.2.28}{\376\377\000t\000o\000t\000a\000l\000\137\000s\000u\000b\000\137\000c\000a\000p\000a\000c\000i\000t\000y}{subsection.3.8.2}
\BOOKMARK [3][-]{subsubsection.3.8.2.29}{\376\377\000v\000a\000r\000i\000a\000t\000i\000o\000n\000\137\000l\000i\000m\000i\000t}{subsection.3.8.2}
\BOOKMARK [3][-]{subsubsection.3.8.2.30}{\376\377\000v\000c}{subsection.3.8.2}
\BOOKMARK [1][-]{section.3.9}{\376\377\000v\000o\000r\000b\000i\000s\000\137\000c\000o\000n\000f\000i\000g\000\137\000t\000\040\000S\000t\000r\000u\000c\000t\000\040\000R\000e\000f\000e\000r\000e\000n\000c\000e}{chapter.3}
\BOOKMARK [2][-]{subsection.3.9.1}{\376\377\000D\000e\000t\000a\000i\000l\000e\000d\000\040\000D\000e\000s\000c\000r\000i\000p\000t\000i\000o\000n}{section.3.9}
\BOOKMARK [2][-]{subsection.3.9.2}{\376\377\000M\000e\000m\000b\000e\000r\000\040\000D\000a\000t\000a\000\040\000D\000o\000c\000u\000m\000e\000n\000t\000a\000t\000i\000o\000n}{section.3.9}
\BOOKMARK [3][-]{subsubsection.3.9.2.1}{\376\377\000f\000o\000r\000w\000a\000r\000d\000\137\000i\000n\000d\000e\000x}{subsection.3.9.2}
\BOOKMARK [3][-]{subsubsection.3.9.2.2}{\376\377\000m\000u\000l\000t}{subsection.3.9.2}
\BOOKMARK [3][-]{subsubsection.3.9.2.3}{\376\377\000p\000c\000m\000e\000n\000d}{subsection.3.9.2}
\BOOKMARK [3][-]{subsubsection.3.9.2.4}{\376\377\000p\000o\000s\000t\000l\000i\000s\000t}{subsection.3.9.2}
\BOOKMARK [3][-]{subsubsection.3.9.2.5}{\376\377\000p\000o\000s\000t\000s\000\137\000l\000e\000n}{subsection.3.9.2}
\BOOKMARK [3][-]{subsubsection.3.9.2.6}{\376\377\000r\000a\000t\000e}{subsection.3.9.2}
\BOOKMARK [0][-]{chapter.4}{\376\377\000F\000i\000l\000e\000\040\000D\000o\000c\000u\000m\000e\000n\000t\000a\000t\000i\000o\000n}{}
\BOOKMARK [1][-]{section.4.1}{\376\377\000i\000n\000c\000l\000u\000d\000e\000/\000c\000r\000y\000p\000t\000o\000s\000\137\000t\000y\000p\000e\000s\000.\000h\000\040\000F\000i\000l\000e\000\040\000R\000e\000f\000e\000r\000e\000n\000c\000e}{chapter.4}
\BOOKMARK [2][-]{subsection.4.1.1}{\376\377\000D\000e\000f\000i\000n\000e\000\040\000D\000o\000c\000u\000m\000e\000n\000t\000a\000t\000i\000o\000n}{section.4.1}
\BOOKMARK [3][-]{subsubsection.4.1.1.1}{\376\377\000I\000\137\000C\000R\000Y\000P\000T\000O\000S\000\137\000C\000H\000E\000C\000K\000\137\000F\000A\000I\000L}{subsection.4.1.1}
\BOOKMARK [3][-]{subsubsection.4.1.1.2}{\376\377\000I\000\137\000C\000R\000Y\000P\000T\000O\000S\000\137\000E\000R\000R}{subsection.4.1.1}
\BOOKMARK [3][-]{subsubsection.4.1.1.3}{\376\377\000I\000\137\000C\000R\000Y\000P\000T\000O\000S\000\137\000O\000K}{subsection.4.1.1}
\BOOKMARK [1][-]{section.4.2}{\376\377\000i\000n\000c\000l\000u\000d\000e\000/\000g\000l\000o\000b\000a\000l\000\137\000t\000y\000p\000e\000s\000.\000h\000\040\000F\000i\000l\000e\000\040\000R\000e\000f\000e\000r\000e\000n\000c\000e}{chapter.4}
\BOOKMARK [2][-]{subsection.4.2.1}{\376\377\000D\000e\000f\000i\000n\000e\000\040\000D\000o\000c\000u\000m\000e\000n\000t\000a\000t\000i\000o\000n}{section.4.2}
\BOOKMARK [3][-]{subsubsection.4.2.1.1}{\376\377\000B\000I\000T\000S\000\137\000P\000E\000R\000\137\000B\000Y\000T\000E}{subsection.4.2.1}
\BOOKMARK [3][-]{subsubsection.4.2.1.2}{\376\377\000I\000\137\000E\000R\000R}{subsection.4.2.1}
\BOOKMARK [3][-]{subsubsection.4.2.1.3}{\376\377\000I\000\137\000O\000K}{subsection.4.2.1}
\BOOKMARK [2][-]{subsection.4.2.2}{\376\377\000T\000y\000p\000e\000d\000e\000f\000\040\000D\000o\000c\000u\000m\000e\000n\000t\000a\000t\000i\000o\000n}{section.4.2}
\BOOKMARK [3][-]{subsubsection.4.2.2.1}{\376\377\000b\000y\000t\000e}{subsection.4.2.2}
\BOOKMARK [1][-]{section.4.3}{\376\377\000i\000n\000c\000l\000u\000d\000e\000/\000n\000u\000m\000b\000e\000r\000s\000.\000h\000\040\000F\000i\000l\000e\000\040\000R\000e\000f\000e\000r\000e\000n\000c\000e}{chapter.4}
\BOOKMARK [2][-]{subsection.4.3.1}{\376\377\000F\000u\000n\000c\000t\000i\000o\000n\000\040\000D\000o\000c\000u\000m\000e\000n\000t\000a\000t\000i\000o\000n}{section.4.3}
\BOOKMARK [3][-]{subsubsection.4.3.1.1}{\376\377\000l\000i\000n\000e\000a\000r\000\137\000i\000n\000t\000e\000r\000p\000o\000l\000a\000t\000i\000o\000n\000\137\000y}{subsection.4.3.1}
\BOOKMARK [3][-]{subsubsection.4.3.1.2}{\376\377\000p\000r\000n\000g\000\137\000f\000r\000e\000e}{subsection.4.3.1}
\BOOKMARK [3][-]{subsubsection.4.3.1.3}{\376\377\000p\000r\000n\000g\000\137\000g\000e\000t\000\137\000r\000a\000n\000d\000o\000m\000\137\000i\000n\000t}{subsection.4.3.1}
\BOOKMARK [3][-]{subsubsection.4.3.1.4}{\376\377\000p\000r\000n\000g\000\137\000i\000n\000i\000t}{subsection.4.3.1}
\BOOKMARK [3][-]{subsubsection.4.3.1.5}{\376\377\000p\000r\000n\000g\000\137\000r\000e\000s\000e\000t\000\137\000b\000y\000t\000e}{subsection.4.3.1}
\BOOKMARK [3][-]{subsubsection.4.3.1.6}{\376\377\000p\000r\000n\000g\000\137\000s\000e\000t\000\137\000s\000e\000e\000d\000\137\000b\000y\000t\000e}{subsection.4.3.1}
\BOOKMARK [3][-]{subsubsection.4.3.1.7}{\376\377\000p\000r\000n\000g\000\137\000s\000e\000t\000\137\000s\000e\000e\000d\000\137\000i\000n\000t}{subsection.4.3.1}
\BOOKMARK [3][-]{subsubsection.4.3.1.8}{\376\377\000s\000e\000e\000k}{subsection.4.3.1}
\BOOKMARK [3][-]{subsubsection.4.3.1.9}{\376\377\000s\000e\000e\000k\000\137\000i\000n\000t\000e\000r\000v\000a\000l}{subsection.4.3.1}
\BOOKMARK [1][-]{section.4.4}{\376\377\000i\000n\000c\000l\000u\000d\000e\000/\000s\000t\000e\000g\000a\000n\000o\000s\000\137\000t\000y\000p\000e\000s\000.\000h\000\040\000F\000i\000l\000e\000\040\000R\000e\000f\000e\000r\000e\000n\000c\000e}{chapter.4}
\BOOKMARK [2][-]{subsection.4.4.1}{\376\377\000D\000e\000f\000i\000n\000e\000\040\000D\000o\000c\000u\000m\000e\000n\000t\000a\000t\000i\000o\000n}{section.4.4}
\BOOKMARK [3][-]{subsubsection.4.4.1.1}{\376\377\000I\000\137\000S\000T\000E\000G\000A\000N\000O\000S\000\137\000E\000R\000R}{subsection.4.4.1}
\BOOKMARK [3][-]{subsubsection.4.4.1.2}{\376\377\000I\000\137\000S\000T\000E\000G\000A\000N\000O\000S\000\137\000F\000R\000A\000M\000E\000\137\000S\000K\000I\000P}{subsection.4.4.1}
\BOOKMARK [3][-]{subsubsection.4.4.1.3}{\376\377\000I\000\137\000S\000T\000E\000G\000A\000N\000O\000S\000\137\000O\000K}{subsection.4.4.1}
\BOOKMARK [3][-]{subsubsection.4.4.1.4}{\376\377\000I\000\137\000S\000T\000E\000G\000A\000N\000O\000S\000\137\000S\000Y\000N\000C\000\137\000F\000A\000I\000L}{subsection.4.4.1}
\BOOKMARK [3][-]{subsubsection.4.4.1.5}{\376\377\000I\000N\000D\000E\000T\000E\000R\000M\000I\000N\000A\000T\000E\000\137\000M\000A\000R\000K}{subsection.4.4.1}
\BOOKMARK [3][-]{subsubsection.4.4.1.6}{\376\377\000V\000I\000F\000\137\000P\000O\000S\000I\000T}{subsection.4.4.1}
\BOOKMARK [3][-]{subsubsection.4.4.1.7}{\376\377\000V\000O\000R\000B\000I\000S\000\137\000M\000A\000X\000\137\000B\000L\000O\000C\000K}{subsection.4.4.1}
\BOOKMARK [2][-]{subsection.4.4.2}{\376\377\000T\000y\000p\000e\000d\000e\000f\000\040\000D\000o\000c\000u\000m\000e\000n\000t\000a\000t\000i\000o\000n}{section.4.4}
\BOOKMARK [3][-]{subsubsection.4.4.2.1}{\376\377\000d\000e\000s\000y\000n\000c\000\137\000m\000e\000t\000h\000o\000d}{subsection.4.4.2}
\BOOKMARK [3][-]{subsubsection.4.4.2.2}{\376\377\000h\000i\000d\000e\000\137\000m\000e\000t\000h\000o\000d}{subsection.4.4.2}
\BOOKMARK [3][-]{subsubsection.4.4.2.3}{\376\377\000s\000y\000n\000c\000\137\000m\000e\000t\000h\000o\000d}{subsection.4.4.2}
\BOOKMARK [2][-]{subsection.4.4.3}{\376\377\000E\000n\000u\000m\000e\000r\000a\000t\000i\000o\000n\000\040\000T\000y\000p\000e\000\040\000D\000o\000c\000u\000m\000e\000n\000t\000a\000t\000i\000o\000n}{section.4.4}
\BOOKMARK [3][-]{subsubsection.4.4.3.1}{\376\377\000h\000i\000d\000e\000\137\000m\000e\000t\000h\000o\000d\000\137\000e\000t}{subsection.4.4.3}
\BOOKMARK [3][-]{subsubsection.4.4.3.2}{\376\377\000s\000y\000n\000c\000h\000r\000o\000\137\000m\000e\000t\000h\000o\000d\000\137\000e\000t}{subsection.4.4.3}
\BOOKMARK [1][-]{section.4.5}{\376\377\000l\000i\000b\000/\000c\000r\000y\000p\000t\000o\000s\000\137\000c\000h\000a\000n\000n\000e\000l\000.\000c\000\040\000F\000i\000l\000e\000\040\000R\000e\000f\000e\000r\000e\000n\000c\000e}{chapter.4}
\BOOKMARK [1][-]{section.4.6}{\376\377\000l\000i\000b\000/\000c\000r\000y\000p\000t\000o\000s\000\137\000c\000h\000a\000n\000n\000e\000l\000.\000h\000\040\000F\000i\000l\000e\000\040\000R\000e\000f\000e\000r\000e\000n\000c\000e}{chapter.4}
\BOOKMARK [2][-]{subsection.4.6.1}{\376\377\000D\000e\000f\000i\000n\000e\000\040\000D\000o\000c\000u\000m\000e\000n\000t\000a\000t\000i\000o\000n}{section.4.6}
\BOOKMARK [3][-]{subsubsection.4.6.1.1}{\376\377\000C\000R\000Y\000P\000T\000O\000S\000\137\000B\000U\000F\000F\000E\000R\000\137\000M\000A\000X\000\137\000S\000I\000Z\000E}{subsection.4.6.1}
\BOOKMARK [3][-]{subsubsection.4.6.1.2}{\376\377\000C\000R\000Y\000P\000T\000O\000S\000\137\000D\000E\000F\000A\000U\000L\000T\000\137\000D\000A\000T\000A\000\137\000S\000I\000Z\000E}{subsection.4.6.1}
\BOOKMARK [3][-]{subsubsection.4.6.1.3}{\376\377\000C\000R\000Y\000P\000T\000O\000S\000\137\000E\000M\000I\000S\000S\000I\000O\000N\000\137\000H\000E\000A\000D\000E\000R\000\137\000L\000E\000N}{subsection.4.6.1}
\BOOKMARK [3][-]{subsubsection.4.6.1.4}{\376\377\000C\000R\000Y\000P\000T\000O\000S\000\137\000I\000V\000\137\000H\000E\000A\000D\000E\000R\000\137\000L\000E\000N}{subsection.4.6.1}
\BOOKMARK [3][-]{subsubsection.4.6.1.5}{\376\377\000C\000R\000Y\000P\000T\000O\000S\000\137\000L\000E\000N\000G\000T\000H\000\137\000H\000E\000A\000D\000E\000R\000\137\000L\000E\000N}{subsection.4.6.1}
\BOOKMARK [3][-]{subsubsection.4.6.1.6}{\376\377\000C\000R\000Y\000P\000T\000O\000S\000\137\000M\000A\000X\000\137\000D\000A\000T\000A}{subsection.4.6.1}
\BOOKMARK [3][-]{subsubsection.4.6.1.7}{\376\377\000C\000R\000Y\000P\000T\000O\000S\000\137\000M\000A\000X\000\137\000D\000I\000G\000E\000S\000T\000\137\000L\000E\000N}{subsection.4.6.1}
\BOOKMARK [3][-]{subsubsection.4.6.1.8}{\376\377\000C\000R\000Y\000P\000T\000O\000S\000\137\000M\000I\000N\000\137\000D\000I\000G\000E\000S\000T\000\137\000L\000E\000N}{subsection.4.6.1}
\BOOKMARK [3][-]{subsubsection.4.6.1.9}{\376\377\000C\000R\000Y\000P\000T\000O\000S\000\137\000P\000A\000C\000K\000E\000T\000\137\000H\000E\000A\000D\000E\000R\000\137\000L\000E\000N}{subsection.4.6.1}
\BOOKMARK [3][-]{subsubsection.4.6.1.10}{\376\377\000C\000R\000Y\000P\000T\000O\000S\000\137\000S\000Y\000N\000C\000\137\000H\000E\000A\000D\000E\000R\000\137\000L\000E\000N}{subsection.4.6.1}
\BOOKMARK [3][-]{subsubsection.4.6.1.11}{\376\377\000R\000A\000T\000I\000O\000\137\000D\000D}{subsection.4.6.1}
\BOOKMARK [2][-]{subsection.4.6.2}{\376\377\000F\000u\000n\000c\000t\000i\000o\000n\000\040\000D\000o\000c\000u\000m\000e\000n\000t\000a\000t\000i\000o\000n}{section.4.6}
\BOOKMARK [3][-]{subsubsection.4.6.2.1}{\376\377\000c\000r\000y\000p\000t\000o\000s\000\137\000b\000u\000f\000f\000e\000r\000\137\000f\000r\000e\000e}{subsection.4.6.2}
\BOOKMARK [3][-]{subsubsection.4.6.2.2}{\376\377\000c\000r\000y\000p\000t\000o\000s\000\137\000b\000u\000f\000f\000e\000r\000\137\000i\000n\000i\000t}{subsection.4.6.2}
\BOOKMARK [3][-]{subsubsection.4.6.2.3}{\376\377\000c\000r\000y\000p\000t\000o\000s\000\137\000c\000i\000p\000h\000e\000r\000\137\000a\000l\000g\000o\000\137\000c\000o\000d\000e}{subsection.4.6.2}
\BOOKMARK [3][-]{subsubsection.4.6.2.4}{\376\377\000c\000r\000y\000p\000t\000o\000s\000\137\000c\000o\000n\000f\000i\000g\000\137\000f\000r\000e\000e}{subsection.4.6.2}
\BOOKMARK [3][-]{subsubsection.4.6.2.5}{\376\377\000c\000r\000y\000p\000t\000o\000s\000\137\000c\000o\000n\000f\000i\000g\000\137\000i\000n\000i\000t}{subsection.4.6.2}
\BOOKMARK [3][-]{subsubsection.4.6.2.6}{\376\377\000c\000r\000y\000p\000t\000o\000s\000\137\000c\000o\000n\000f\000i\000g\000\137\000s\000e\000t\000\137\000i\000v}{subsection.4.6.2}
\BOOKMARK [3][-]{subsubsection.4.6.2.7}{\376\377\000c\000r\000y\000p\000t\000o\000s\000\137\000c\000o\000n\000f\000i\000g\000\137\000s\000e\000t\000\137\000k\000e\000y}{subsection.4.6.2}
\BOOKMARK [3][-]{subsubsection.4.6.2.8}{\376\377\000c\000r\000y\000p\000t\000o\000s\000\137\000k\000e\000y\000\137\000f\000r\000e\000e}{subsection.4.6.2}
\BOOKMARK [3][-]{subsubsection.4.6.2.9}{\376\377\000c\000r\000y\000p\000t\000o\000s\000\137\000k\000e\000y\000\137\000i\000n\000i\000t}{subsection.4.6.2}
\BOOKMARK [3][-]{subsubsection.4.6.2.10}{\376\377\000c\000r\000y\000p\000t\000o\000s\000\137\000m\000d\000\137\000a\000l\000g\000o\000\137\000c\000o\000d\000e}{subsection.4.6.2}
\BOOKMARK [3][-]{subsubsection.4.6.2.11}{\376\377\000p\000a\000r\000s\000e\000\137\000p\000a\000c\000k\000e\000t}{subsection.4.6.2}
\BOOKMARK [3][-]{subsubsection.4.6.2.12}{\376\377\000p\000r\000o\000d\000u\000c\000e\000\137\000p\000a\000c\000k\000e\000t}{subsection.4.6.2}
\BOOKMARK [1][-]{section.4.7}{\376\377\000l\000i\000b\000/\000m\000i\000s\000c\000e\000l\000l\000a\000n\000e\000o\000u\000s\000.\000c\000\040\000F\000i\000l\000e\000\040\000R\000e\000f\000e\000r\000e\000n\000c\000e}{chapter.4}
\BOOKMARK [1][-]{section.4.8}{\376\377\000l\000i\000b\000/\000m\000i\000s\000c\000e\000l\000l\000a\000n\000e\000o\000u\000s\000.\000h\000\040\000F\000i\000l\000e\000\040\000R\000e\000f\000e\000r\000e\000n\000c\000e}{chapter.4}
\BOOKMARK [2][-]{subsection.4.8.1}{\376\377\000D\000e\000f\000i\000n\000e\000\040\000D\000o\000c\000u\000m\000e\000n\000t\000a\000t\000i\000o\000n}{section.4.8}
\BOOKMARK [3][-]{subsubsection.4.8.1.1}{\376\377\000I\000\137\000M\000I\000S\000C\000\137\000E\000R\000R}{subsection.4.8.1}
\BOOKMARK [3][-]{subsubsection.4.8.1.2}{\376\377\000I\000\137\000M\000I\000S\000C\000\137\000I\000N\000V\000A\000L\000I\000D\000\137\000X\000M\000L}{subsection.4.8.1}
\BOOKMARK [3][-]{subsubsection.4.8.1.3}{\376\377\000I\000\137\000M\000I\000S\000C\000\137\000O\000K}{subsection.4.8.1}
\BOOKMARK [3][-]{subsubsection.4.8.1.4}{\376\377\000X\000M\000L\000\137\000A\000G\000G\000R\000E\000S\000S}{subsection.4.8.1}
\BOOKMARK [3][-]{subsubsection.4.8.1.5}{\376\377\000X\000M\000L\000\137\000H\000I\000D\000E\000M\000E\000T\000H\000O\000D}{subsection.4.8.1}
\BOOKMARK [3][-]{subsubsection.4.8.1.6}{\376\377\000X\000M\000L\000\137\000K\000E\000Y}{subsection.4.8.1}
\BOOKMARK [3][-]{subsubsection.4.8.1.7}{\376\377\000X\000M\000L\000\137\000K\000E\000Y\000\137\000B\000I\000T\000S\000T\000R\000E\000A\000M}{subsection.4.8.1}
\BOOKMARK [3][-]{subsubsection.4.8.1.8}{\376\377\000X\000M\000L\000\137\000K\000E\000Y\000\137\000L\000E\000N\000G\000T\000H}{subsection.4.8.1}
\BOOKMARK [3][-]{subsubsection.4.8.1.9}{\376\377\000X\000M\000L\000\137\000L\000E\000A\000F\000S}{subsection.4.8.1}
\BOOKMARK [3][-]{subsubsection.4.8.1.10}{\376\377\000X\000M\000L\000\137\000S\000Y\000N\000C\000H\000R\000O\000M\000O\000D\000E}{subsection.4.8.1}
\BOOKMARK [2][-]{subsection.4.8.2}{\376\377\000F\000u\000n\000c\000t\000i\000o\000n\000\040\000D\000o\000c\000u\000m\000e\000n\000t\000a\000t\000i\000o\000n}{section.4.8}
\BOOKMARK [3][-]{subsubsection.4.8.2.1}{\376\377\000b\000i\000t\000s\000t\000r\000e\000a\000m\000\137\000r\000o\000l}{subsection.4.8.2}
\BOOKMARK [3][-]{subsubsection.4.8.2.2}{\376\377\000b\000i\000t\000s\000t\000r\000e\000a\000m\000\137\000r\000o\000r}{subsection.4.8.2}
\BOOKMARK [3][-]{subsubsection.4.8.2.3}{\376\377\000m\000e\000s\000s\000a\000g\000e\000\137\000l\000o\000g}{subsection.4.8.2}
\BOOKMARK [3][-]{subsubsection.4.8.2.4}{\376\377\000p\000r\000i\000n\000t\000\137\000b\000y\000t\000e\000s\000t\000r\000e\000a\000m}{subsection.4.8.2}
\BOOKMARK [3][-]{subsubsection.4.8.2.5}{\376\377\000t\000o\000\137\000b\000y\000t\000e}{subsection.4.8.2}
\BOOKMARK [3][-]{subsubsection.4.8.2.6}{\376\377\000z\000l\000i\000b\000\137\000d\000e\000f}{subsection.4.8.2}
\BOOKMARK [3][-]{subsubsection.4.8.2.7}{\376\377\000z\000l\000i\000b\000\137\000i\000n\000f}{subsection.4.8.2}
\BOOKMARK [3][-]{subsubsection.4.8.2.8}{\376\377\000z\000l\000i\000b\000\137\000z\000e\000r\000r}{subsection.4.8.2}
\BOOKMARK [1][-]{section.4.9}{\376\377\000l\000i\000b\000/\000n\000u\000m\000b\000e\000r\000s\000.\000c\000\040\000F\000i\000l\000e\000\040\000R\000e\000f\000e\000r\000e\000n\000c\000e}{chapter.4}
\BOOKMARK [1][-]{section.4.10}{\376\377\000l\000i\000b\000/\000p\000r\000o\000t\000o\000c\000o\000l\000s\000.\000c\000\040\000F\000i\000l\000e\000\040\000R\000e\000f\000e\000r\000e\000n\000c\000e}{chapter.4}
\BOOKMARK [1][-]{section.4.11}{\376\377\000l\000i\000b\000/\000p\000r\000o\000t\000o\000c\000o\000l\000s\000.\000h\000\040\000F\000i\000l\000e\000\040\000R\000e\000f\000e\000r\000e\000n\000c\000e}{chapter.4}
\BOOKMARK [2][-]{subsection.4.11.1}{\376\377\000F\000u\000n\000c\000t\000i\000o\000n\000\040\000D\000o\000c\000u\000m\000e\000n\000t\000a\000t\000i\000o\000n}{section.4.11}
\BOOKMARK [3][-]{subsubsection.4.11.1.1}{\376\377\000c\000r\000y\000p\000t\000o\000s\000\137\000f\000o\000r\000w\000a\000r\000d}{subsection.4.11.1}
\BOOKMARK [3][-]{subsubsection.4.11.1.2}{\376\377\000c\000r\000y\000p\000t\000o\000s\000\137\000i\000n\000v\000e\000r\000s\000e}{subsection.4.11.1}
\BOOKMARK [3][-]{subsubsection.4.11.1.3}{\376\377\000s\000t\000e\000g\000a\000n\000o\000s\000\137\000f\000o\000r\000w\000a\000r\000d}{subsection.4.11.1}
\BOOKMARK [3][-]{subsubsection.4.11.1.4}{\376\377\000s\000t\000e\000g\000a\000n\000o\000s\000\137\000i\000n\000v\000e\000r\000s\000e}{subsection.4.11.1}
\BOOKMARK [3][-]{subsubsection.4.11.1.5}{\376\377\000s\000t\000e\000g\000a\000n\000o\000s\000\137\000v\000o\000r\000b\000i\000s\000\137\000c\000o\000n\000f\000i\000g\000\137\000f\000r\000e\000e}{subsection.4.11.1}
\BOOKMARK [3][-]{subsubsection.4.11.1.6}{\376\377\000s\000t\000e\000g\000a\000n\000o\000s\000\137\000v\000o\000r\000b\000i\000s\000\137\000c\000o\000n\000f\000i\000g\000\137\000i\000n\000i\000t}{subsection.4.11.1}
\BOOKMARK [1][-]{section.4.12}{\376\377\000l\000i\000b\000/\000s\000t\000e\000g\000a\000n\000o\000s\000\137\000c\000h\000a\000n\000n\000e\000l\000.\000c\000\040\000F\000i\000l\000e\000\040\000R\000e\000f\000e\000r\000e\000n\000c\000e}{chapter.4}
\BOOKMARK [1][-]{section.4.13}{\376\377\000l\000i\000b\000/\000s\000t\000e\000g\000a\000n\000o\000s\000\137\000c\000h\000a\000n\000n\000e\000l\000.\000h\000\040\000F\000i\000l\000e\000\040\000R\000e\000f\000e\000r\000e\000n\000c\000e}{chapter.4}
\BOOKMARK [2][-]{subsection.4.13.1}{\376\377\000D\000e\000f\000i\000n\000e\000\040\000D\000o\000c\000u\000m\000e\000n\000t\000a\000t\000i\000o\000n}{section.4.13}
\BOOKMARK [3][-]{subsubsection.4.13.1.1}{\376\377\000B\000I\000T\000S\000\137\000P\000A\000R\000I\000T\000Y}{subsection.4.13.1}
\BOOKMARK [3][-]{subsubsection.4.13.1.2}{\376\377\000D\000I\000S\000T\000R\000E\000S\000S\000\137\000S\000Y\000N\000C\000\137\000B\000I\000T\000S}{subsection.4.13.1}
\BOOKMARK [3][-]{subsubsection.4.13.1.3}{\376\377\000D\000I\000S\000T\000R\000E\000S\000S\000\137\000S\000Y\000N\000C\000\137\000B\000Y\000T\000E\000S}{subsection.4.13.1}
\BOOKMARK [3][-]{subsubsection.4.13.1.4}{\376\377\000F\000I\000L\000E\000\137\000S\000I\000Z\000E\000\137\000B\000I\000T\000S}{subsection.4.13.1}
\BOOKMARK [3][-]{subsubsection.4.13.1.5}{\376\377\000F\000I\000L\000E\000\137\000S\000I\000Z\000E\000\137\000B\000Y\000T\000E\000S}{subsection.4.13.1}
\BOOKMARK [3][-]{subsubsection.4.13.1.6}{\376\377\000I\000T\000U\000\137\000R\000\137\000B\000S\000\137\0004\0006\0008\000\137\000S\000I\000Z\000E}{subsection.4.13.1}
\BOOKMARK [3][-]{subsubsection.4.13.1.7}{\376\377\000M\000A\000X\000\137\000S\000U\000B\000L\000I\000M\000I\000N\000A\000L\000\137\000S\000I\000Z\000E}{subsection.4.13.1}
\BOOKMARK [3][-]{subsubsection.4.13.1.8}{\376\377\000R\000E\000S\000\137\000H\000E\000A\000D\000E\000R\000\137\000B\000I\000T\000S}{subsection.4.13.1}
\BOOKMARK [3][-]{subsubsection.4.13.1.9}{\376\377\000S\000I\000Z\000E\000\137\000F\000I\000E\000L\000D\000\137\000B\000I\000T\000S}{subsection.4.13.1}
\BOOKMARK [3][-]{subsubsection.4.13.1.10}{\376\377\000S\000Y\000N\000C\000H\000R\000O\000\137\000H\000E\000A\000D\000E\000R\000\137\000B\000Y\000T\000E\000S\000\137\000R\000E\000S}{subsection.4.13.1}
\BOOKMARK [2][-]{subsection.4.13.2}{\376\377\000F\000u\000n\000c\000t\000i\000o\000n\000\040\000D\000o\000c\000u\000m\000e\000n\000t\000a\000t\000i\000o\000n}{section.4.13}
\BOOKMARK [3][-]{subsubsection.4.13.2.1}{\376\377\000c\000a\000l\000c\000u\000l\000a\000t\000e\000\137\000r\000e\000s\000i\000d\000u\000e\000\137\000l\000i\000n\000e\000u\000p}{subsection.4.13.2}
\BOOKMARK [3][-]{subsubsection.4.13.2.2}{\376\377\000d\000e\000s\000y\000n\000c\000h\000r\000o\000\137\000i\000s\000s}{subsection.4.13.2}
\BOOKMARK [3][-]{subsubsection.4.13.2.3}{\376\377\000d\000e\000s\000y\000n\000c\000h\000r\000o\000\137\000r\000e\000s\000\137\000h\000e\000a\000d\000e\000r}{subsection.4.13.2}
\BOOKMARK [3][-]{subsubsection.4.13.2.4}{\376\377\000h\000i\000d\000e\000\137\000d\000a\000t\000a}{subsection.4.13.2}
\BOOKMARK [3][-]{subsubsection.4.13.2.5}{\376\377\000i\000s\000s\000\137\000c\000f\000g\000\137\000f\000r\000e\000e}{subsection.4.13.2}
\BOOKMARK [3][-]{subsubsection.4.13.2.6}{\376\377\000i\000s\000s\000\137\000c\000f\000g\000\137\000i\000n\000i\000t}{subsection.4.13.2}
\BOOKMARK [3][-]{subsubsection.4.13.2.7}{\376\377\000i\000s\000s\000\137\000s\000i\000m\000u\000l\000a\000t\000e\000\137\000f\000l\000o\000o\000r}{subsection.4.13.2}
\BOOKMARK [3][-]{subsubsection.4.13.2.8}{\376\377\000p\000a\000r\000i\000t\000y\000\137\000b\000i\000t\000s\000\137\000m\000e\000t\000h\000o\000d}{subsection.4.13.2}
\BOOKMARK [3][-]{subsubsection.4.13.2.9}{\376\377\000s\000e\000t\000\137\000s\000u\000b\000l\000i\000m\000i\000n\000a\000l\000\137\000c\000a\000p\000a\000c\000i\000t\000y\000\137\000l\000i\000m\000i\000t}{subsection.4.13.2}
\BOOKMARK [3][-]{subsubsection.4.13.2.10}{\376\377\000s\000t\000e\000g\000a\000n\000o\000s\000\137\000f\000r\000e\000e\000\137\000p\000a\000c\000k\000e\000t\000\137\000k\000e\000y\000s}{subsection.4.13.2}
\BOOKMARK [3][-]{subsubsection.4.13.2.11}{\376\377\000s\000t\000e\000g\000a\000n\000o\000s\000\137\000k\000e\000y\000\137\000i\000n\000i\000t}{subsection.4.13.2}
\BOOKMARK [3][-]{subsubsection.4.13.2.12}{\376\377\000s\000t\000e\000g\000a\000n\000o\000s\000\137\000p\000r\000e\000p\000a\000r\000e\000\137\000p\000a\000c\000k\000e\000t\000\137\000k\000e\000y\000s}{subsection.4.13.2}
\BOOKMARK [3][-]{subsubsection.4.13.2.13}{\376\377\000s\000t\000e\000g\000a\000n\000o\000s\000\137\000s\000t\000a\000t\000e\000\137\000f\000r\000e\000e}{subsection.4.13.2}
\BOOKMARK [3][-]{subsubsection.4.13.2.14}{\376\377\000s\000t\000e\000g\000a\000n\000o\000s\000\137\000s\000t\000a\000t\000e\000\137\000i\000n\000i\000t}{subsection.4.13.2}
\BOOKMARK [3][-]{subsubsection.4.13.2.15}{\376\377\000s\000t\000e\000g\000a\000n\000o\000s\000\137\000s\000t\000a\000t\000e\000\137\000r\000e\000s\000e\000t\000\137\000i\000t\000e\000r}{subsection.4.13.2}
\BOOKMARK [3][-]{subsubsection.4.13.2.16}{\376\377\000s\000y\000n\000c\000h\000r\000o\000\137\000i\000s\000s}{subsection.4.13.2}
\BOOKMARK [3][-]{subsubsection.4.13.2.17}{\376\377\000u\000n\000h\000i\000d\000e\000\137\000d\000a\000t\000a}{subsection.4.13.2}
\BOOKMARK [3][-]{subsubsection.4.13.2.18}{\376\377\000v\000o\000i\000d\000\137\000m\000e\000t\000h\000o\000d}{subsection.4.13.2}
